{"level":"info","message":"User with handle: karan added bid for item id: 9","timestamp":"10/16/2016, 9:05:25 PM"}
{"level":"info","message":"User with handle: karan added bid for item id: 4","timestamp":"10/16/2016, 9:05:33 PM"}
{"level":"info","message":"User with handle: salmaan added bid for item id: 5812f9ea146f8e132c17569a","timestamp":"10/28/2016, 12:53:12 AM"}
{"level":"info","message":"User with handle: salmaan added bid for item id: 5812f9ea146f8e132c17569a","timestamp":"10/28/2016, 12:53:41 AM"}
{"level":"info","message":"User with handle: salmaan added bid for item id: 5812f9ea146f8e132c17569a","timestamp":"10/28/2016, 2:35:52 AM"}
{"level":"info","message":"User with handle: salmaan added bid for item id: 5812f9ea146f8e132c17569a","timestamp":"10/28/2016, 3:12:32 AM"}
{"level":"info","message":"User with handle: salmaan added bid for item id: 5812f9ea146f8e132c17569a","timestamp":"10/28/2016, 3:12:42 AM"}
{"level":"info","message":"User with handle: test added bid for item id: 5817a143a0965533b499ad30","timestamp":"10/31/2016, 12:53:53 PM"}
{"level":"info","message":"User with handle: test added bid for item id: 5817a143a0965533b499ad30","timestamp":"10/31/2016, 12:54:54 PM"}
{"level":"info","message":"User with handle: test added bid for item id: 5817a143a0965533b499ad30","timestamp":"10/31/2016, 12:55:13 PM"}
{"level":"info","message":"User with handle: salmaan added bid for item id: 5817a70ac026342c504a5592","timestamp":"10/31/2016, 1:18:27 PM"}
{"level":"info","message":"User with handle: karan added bid for item id: 5817a70ac026342c504a5592","timestamp":"10/31/2016, 1:18:37 PM"}
{"level":"info","message":"User with handle: shrey added bid for item id: 5817a70ac026342c504a5592","timestamp":"10/31/2016, 1:18:46 PM"}
{"level":"info","message":"User with handle: test added bid for item id: 5817a97453174b319828a0ea","timestamp":"10/31/2016, 1:28:46 PM"}
{"level":"info","message":"User with handle: karan added bid for item id: 5817a97453174b319828a0ea","timestamp":"10/31/2016, 1:28:58 PM"}
{"level":"info","message":"User with handle: salmaan added bid for item id: 5817a97453174b319828a0ea","timestamp":"10/31/2016, 1:29:07 PM"}
{"level":"info","message":"User with handle: test added bid for item id: 5817abf2f204aa1b5c936b85","timestamp":"10/31/2016, 1:39:25 PM"}
{"level":"info","message":"User with handle: karan added bid for item id: 5817abf2f204aa1b5c936b85","timestamp":"10/31/2016, 1:39:37 PM"}
{"level":"info","message":"User with handle: shrey added bid for item id: 5817abf2f204aa1b5c936b85","timestamp":"10/31/2016, 1:39:47 PM"}
{"level":"info","message":"User with handle: salmaan added bid for item id: 5817afab275411039c6af868","timestamp":"11/2/2016, 2:39:07 AM"}
{"level":"info","message":"User with handle: test added bid for item id: 581f8feafc5c3941e0ee853a","timestamp":"11/6/2016, 12:18:05 PM"}
{"level":"info","message":"User with handle: parth added bid for item id: 581f8feafc5c3941e0ee853a","timestamp":"11/6/2016, 1:30:11 PM"}
