{"level":"info","message":"info","timestamp":"10/16/2016, 9:00:46 PM"}
{"level":"info","message":"info","timestamp":"10/16/2016, 9:00:47 PM"}
{"level":"info","message":"info","timestamp":"10/16/2016, 9:01:13 PM"}
{"level":"info","message":"User with handle: salmaan Signed In","timestamp":"10/16/2016, 9:01:18 PM"}
{"level":"info","message":"info","timestamp":"10/16/2016, 9:01:18 PM"}
{"level":"info","message":"User with handle: salmaan Viewed an Item with item id: 9","timestamp":"10/16/2016, 9:04:35 PM"}
{"level":"info","message":"User with handle: salmaan saw item bids for item: 9","timestamp":"10/16/2016, 9:04:35 PM"}
{"level":"info","message":"User with handle: salmaan viewed recent ads","timestamp":"10/16/2016, 9:04:36 PM"}
{"level":"info","message":"User with handle: salmaan Viewed an Item with item id: 8","timestamp":"10/16/2016, 9:04:37 PM"}
{"level":"info","message":"User with handle: salmaan viewed recent ads","timestamp":"10/16/2016, 9:04:38 PM"}
{"level":"info","message":"User with handle: salmaan Viewed an Item with item id: 7","timestamp":"10/16/2016, 9:04:39 PM"}
{"level":"info","message":"User with handle: salmaan viewed recent ads","timestamp":"10/16/2016, 9:04:39 PM"}
{"level":"info","message":"User with handle: salmaan Viewed an Item with item id: 6","timestamp":"10/16/2016, 9:04:40 PM"}
{"level":"info","message":"User with handle: salmaan viewed recent ads","timestamp":"10/16/2016, 9:04:41 PM"}
{"level":"info","message":"User with handle: salmaan saw user advertisements of user: salmaan","timestamp":"10/16/2016, 9:04:43 PM"}
{"level":"info","message":"User with handle: salmaan saw user bids for user salmaan","timestamp":"10/16/2016, 9:04:44 PM"}
{"level":"info","message":"User with handle: salmaan saw user orders of user: salmaan","timestamp":"10/16/2016, 9:04:45 PM"}
{"level":"info","message":"User with handle: salmaan saw user bids for user salmaan","timestamp":"10/16/2016, 9:04:46 PM"}
{"level":"info","message":"User with handle: salmaan Viewed an Item with item id: 1","timestamp":"10/16/2016, 9:04:48 PM"}
{"level":"info","message":"User with handle: salmaan saw user orders of user: salmaan","timestamp":"10/16/2016, 9:04:50 PM"}
{"level":"info","message":"User with handle: salmaan Viewed an Item with item id: 7","timestamp":"10/16/2016, 9:04:52 PM"}
{"level":"info","message":"User with handle: salmaan viewed cart","timestamp":"10/16/2016, 9:04:54 PM"}
{"level":"info","message":"User with handle: salmaan Signed out","timestamp":"10/16/2016, 9:04:55 PM"}
{"level":"info","message":"User with handle: salmaan Signed In","timestamp":"10/16/2016, 9:04:59 PM"}
{"level":"info","message":"User with handle: salmaan viewed recent ads","timestamp":"10/16/2016, 9:04:59 PM"}
{"level":"info","message":"User with handle: salmaan searched for:  bmw","timestamp":"10/16/2016, 9:05:02 PM"}
{"level":"info","message":"User with handle: salmaan searched for:  no","timestamp":"10/16/2016, 9:05:03 PM"}
{"level":"info","message":"User with handle: salmaan viewed recent ads","timestamp":"10/16/2016, 9:05:05 PM"}
{"level":"info","message":"User with handle: salmaan viewed cart","timestamp":"10/16/2016, 9:05:07 PM"}
{"level":"info","message":"User with handle: salmaan viewed recent ads","timestamp":"10/16/2016, 9:05:08 PM"}
{"level":"info","message":"User with handle: salmaan Viewed an Item with item id: 4","timestamp":"10/16/2016, 9:05:09 PM"}
{"level":"info","message":"User with handle: salmaan saw item bids for item: 4","timestamp":"10/16/2016, 9:05:09 PM"}
{"level":"info","message":"User with handle: salmaan viewed recent ads","timestamp":"10/16/2016, 9:05:10 PM"}
{"level":"info","message":"User with handle: salmaan Viewed an Item with item id: 9","timestamp":"10/16/2016, 9:05:11 PM"}
{"level":"info","message":"User with handle: salmaan saw item bids for item: 9","timestamp":"10/16/2016, 9:05:11 PM"}
{"level":"info","message":"User with handle: salmaan Signed out","timestamp":"10/16/2016, 9:05:14 PM"}
{"level":"info","message":"User with handle: karan Signed In","timestamp":"10/16/2016, 9:05:18 PM"}
{"level":"info","message":"User with handle: karan viewed recent ads","timestamp":"10/16/2016, 9:05:18 PM"}
{"level":"info","message":"User with handle: karan Viewed an Item with item id: 9","timestamp":"10/16/2016, 9:05:19 PM"}
{"level":"info","message":"User with handle: karan saw item bids for item: 9","timestamp":"10/16/2016, 9:05:19 PM"}
{"level":"info","message":"User with handle: karan added bid for item id: 9","timestamp":"10/16/2016, 9:05:25 PM"}
{"level":"info","message":"User with handle: karan Viewed an Item with item id: 9","timestamp":"10/16/2016, 9:05:26 PM"}
{"level":"info","message":"User with handle: karan saw item bids for item: 9","timestamp":"10/16/2016, 9:05:26 PM"}
{"level":"info","message":"User with handle: karan viewed recent ads","timestamp":"10/16/2016, 9:05:28 PM"}
{"level":"info","message":"User with handle: karan Viewed an Item with item id: 4","timestamp":"10/16/2016, 9:05:29 PM"}
{"level":"info","message":"User with handle: karan saw item bids for item: 4","timestamp":"10/16/2016, 9:05:29 PM"}
{"level":"info","message":"User with handle: karan added bid for item id: 4","timestamp":"10/16/2016, 9:05:33 PM"}
{"level":"info","message":"User with handle: karan Viewed an Item with item id: 4","timestamp":"10/16/2016, 9:05:34 PM"}
{"level":"info","message":"User with handle: karan saw item bids for item: 4","timestamp":"10/16/2016, 9:05:34 PM"}
{"level":"info","message":"User with handle: karan viewed recent ads","timestamp":"10/16/2016, 9:05:35 PM"}
{"level":"info","message":"User with handle: karan Viewed an Item with item id: 9","timestamp":"10/16/2016, 9:07:59 PM"}
{"level":"info","message":"User with handle: karan saw item bids for item: 9","timestamp":"10/16/2016, 9:07:59 PM"}
{"level":"info","message":"User with handle: karan viewed recent ads","timestamp":"10/16/2016, 9:08:00 PM"}
{"level":"info","message":"User with handle: karan Viewed an Item with item id: 8","timestamp":"10/16/2016, 9:08:06 PM"}
{"level":"info","message":"User with handle: karan viewed recent ads","timestamp":"10/16/2016, 9:19:03 PM"}
{"level":"info","message":"User with handle: karan saw user advertisements of user: karan","timestamp":"10/16/2016, 9:19:05 PM"}
{"level":"info","message":"User with handle: karan Added an item for sale with id:undefined","timestamp":"10/16/2016, 9:19:41 PM"}
{"level":"info","message":"User with handle: karan Viewed an Item with item id: 10","timestamp":"10/16/2016, 9:19:41 PM"}
{"level":"info","message":"User with handle: karan Added an item for sale with id:undefined","timestamp":"10/16/2016, 9:20:02 PM"}
{"level":"info","message":"User with handle: karan Viewed an Item with item id: 11","timestamp":"10/16/2016, 9:20:02 PM"}
{"level":"info","message":"User with handle: karan viewed recent ads","timestamp":"10/16/2016, 9:20:04 PM"}
